Monitor started at 2025-12-04 13:45:57
USB polling started
[2025-12-04 13:46:02] SYSTEM STATS
CPU Usage: 0.0%
Memory Usage: 65.8%
Disk I/O: 1.89 MB/s
Network I/O: 0.04 MB/s
[2025-12-04 13:46:07] SYSTEM STATS
CPU Usage: 13.5%
Memory Usage: 66.3%
Disk I/O: 19.94 MB/s
Network I/O: 0.02 MB/s
[2025-12-04 13:46:12] SYSTEM STATS
CPU Usage: 12.9%
Memory Usage: 66.6%
Disk I/O: 1.43 MB/s
Network I/O: 0.03 MB/s
[2025-12-04 13:46:17] SYSTEM STATS
CPU Usage: 19.3%
Memory Usage: 66.7%
Disk I/O: 1.10 MB/s
Network I/O: 0.00 MB/s
[2025-12-04 13:46:22] SYSTEM STATS
CPU Usage: 16.2%
Memory Usage: 66.5%
Disk I/O: 85.81 MB/s
Network I/O: 0.01 MB/s
[2025-12-04 13:46:27] SYSTEM STATS
CPU Usage: 15.8%
Memory Usage: 66.4%
Disk I/O: 108.97 MB/s
Network I/O: 0.00 MB/s
[2025-12-04 13:46:32] SYSTEM STATS
CPU Usage: 16.5%
Memory Usage: 66.4%
Disk I/O: 111.84 MB/s
Network I/O: 0.01 MB/s
[2025-12-04 13:46:37] SYSTEM STATS
CPU Usage: 10.8%
Memory Usage: 66.3%
Disk I/O: 76.87 MB/s
Network I/O: 0.01 MB/s
[2025-12-04 13:46:42] SYSTEM STATS
CPU Usage: 12.0%
Memory Usage: 66.5%
Disk I/O: 1.11 MB/s
Network I/O: 0.01 MB/s
[2025-12-04 13:46:47] SYSTEM STATS
CPU Usage: 10.5%
Memory Usage: 65.9%
Disk I/O: 0.37 MB/s
Network I/O: 0.00 MB/s
[2025-12-04 13:46:52] SYSTEM STATS
CPU Usage: 12.7%
Memory Usage: 65.8%
Disk I/O: 0.19 MB/s
Network I/O: 0.01 MB/s
[2025-12-04 13:46:57] SYSTEM STATS
CPU Usage: 9.8%
Memory Usage: 65.8%
Disk I/O: 0.55 MB/s
Network I/O: 0.00 MB/s
[2025-12-04 13:47:02] SYSTEM STATS
CPU Usage: 10.3%
Memory Usage: 65.8%
Disk I/O: 0.26 MB/s
Network I/O: 0.01 MB/s
[2025-12-04 13:47:07] SYSTEM STATS
CPU Usage: 11.0%
Memory Usage: 65.8%
Disk I/O: 0.45 MB/s
Network I/O: 0.01 MB/s
[2025-12-04 13:47:12] SYSTEM STATS
CPU Usage: 12.6%
Memory Usage: 65.8%
Disk I/O: 0.45 MB/s
Network I/O: 0.01 MB/s
[2025-12-04 13:47:17] SYSTEM STATS
CPU Usage: 12.0%
Memory Usage: 65.5%
Disk I/O: 0.88 MB/s
Network I/O: 0.04 MB/s
[2025-12-04 13:47:22] SYSTEM STATS
CPU Usage: 13.3%
Memory Usage: 65.7%
Disk I/O: 0.67 MB/s
Network I/O: 0.01 MB/s
[2025-12-04 13:47:27] SYSTEM STATS
CPU Usage: 20.9%
Memory Usage: 65.7%
Disk I/O: 0.71 MB/s
Network I/O: 0.01 MB/s
[2025-12-04 13:47:32] SYSTEM STATS
CPU Usage: 16.7%
Memory Usage: 66.0%
Disk I/O: 59.55 MB/s
Network I/O: 0.04 MB/s
[2025-12-04 13:47:37] SYSTEM STATS
CPU Usage: 18.2%
Memory Usage: 66.3%
Disk I/O: 117.61 MB/s
Network I/O: 0.00 MB/s
[2025-12-04 13:47:42] SYSTEM STATS
CPU Usage: 14.4%
Memory Usage: 66.4%
Disk I/O: 121.12 MB/s
Network I/O: 0.02 MB/s
[2025-12-04 13:47:47] SYSTEM STATS
CPU Usage: 12.7%
Memory Usage: 66.2%
Disk I/O: 81.05 MB/s
Network I/O: 0.02 MB/s
[2025-12-04 13:47:52] SYSTEM STATS
CPU Usage: 13.3%
Memory Usage: 66.2%
Disk I/O: 0.58 MB/s
Network I/O: 0.02 MB/s
[2025-12-04 13:47:57] SYSTEM STATS
CPU Usage: 14.7%
Memory Usage: 66.2%
Disk I/O: 103.35 MB/s
Network I/O: 0.01 MB/s
[2025-12-04 13:48:02] SYSTEM STATS
CPU Usage: 15.2%
Memory Usage: 66.2%
Disk I/O: 117.44 MB/s
Network I/O: 0.00 MB/s
[2025-12-04 13:48:07] SYSTEM STATS
CPU Usage: 22.3%
Memory Usage: 66.6%
Disk I/O: 144.99 MB/s
Network I/O: 0.00 MB/s
[2025-12-04 13:48:12] SYSTEM STATS
CPU Usage: 12.7%
Memory Usage: 66.6%
Disk I/O: 33.61 MB/s
Network I/O: 0.04 MB/s
[2025-12-04 13:48:17] SYSTEM STATS
CPU Usage: 19.9%
Memory Usage: 66.7%
Disk I/O: 1.88 MB/s
Network I/O: 0.04 MB/s
[2025-12-04 13:48:22] SYSTEM STATS
CPU Usage: 15.9%
Memory Usage: 66.0%
Disk I/O: 2.32 MB/s
Network I/O: 0.05 MB/s
[2025-12-04 13:48:27] SYSTEM STATS
CPU Usage: 22.0%
Memory Usage: 66.7%
Disk I/O: 1.29 MB/s
Network I/O: 0.01 MB/s
[2025-12-04 13:48:32] SYSTEM STATS
CPU Usage: 17.5%
Memory Usage: 66.3%
Disk I/O: 61.37 MB/s
Network I/O: 0.01 MB/s
[2025-12-04 13:48:37] SYSTEM STATS
CPU Usage: 13.5%
Memory Usage: 65.6%
Disk I/O: 126.08 MB/s
Network I/O: 0.00 MB/s
[2025-12-04 13:48:42] SYSTEM STATS
CPU Usage: 12.6%
Memory Usage: 65.7%
Disk I/O: 109.42 MB/s
Network I/O: 0.01 MB/s
[2025-12-04 13:48:47] SYSTEM STATS
CPU Usage: 11.1%
Memory Usage: 65.8%
Disk I/O: 90.15 MB/s
Network I/O: 0.03 MB/s
[2025-12-04 13:48:52] SYSTEM STATS
CPU Usage: 22.9%
Memory Usage: 66.3%
Disk I/O: 3.52 MB/s
Network I/O: 0.07 MB/s
[2025-12-04 13:48:57] SYSTEM STATS
CPU Usage: 9.4%
Memory Usage: 65.9%
Disk I/O: 1.98 MB/s
Network I/O: 0.00 MB/s
[2025-12-04 13:49:02] SYSTEM STATS
CPU Usage: 10.3%
Memory Usage: 66.1%
Disk I/O: 13.01 MB/s
Network I/O: 0.00 MB/s
[2025-12-04 13:49:07] SYSTEM STATS
CPU Usage: 9.9%
Memory Usage: 66.2%
Disk I/O: 6.58 MB/s
Network I/O: 0.01 MB/s
[2025-12-04 13:49:12] SYSTEM STATS
CPU Usage: 11.7%
Memory Usage: 65.8%
Disk I/O: 1.47 MB/s
Network I/O: 0.00 MB/s
[2025-12-04 13:49:17] SYSTEM STATS
CPU Usage: 11.9%
Memory Usage: 66.1%
Disk I/O: 1.08 MB/s
Network I/O: 0.02 MB/s
[2025-12-04 13:49:22] SYSTEM STATS
CPU Usage: 6.7%
Memory Usage: 65.7%
Disk I/O: 0.67 MB/s
Network I/O: 0.00 MB/s
[2025-12-04 13:49:27] SYSTEM STATS
CPU Usage: 14.1%
Memory Usage: 65.8%
Disk I/O: 0.59 MB/s
Network I/O: 0.01 MB/s
